<?xml version="1.0" encoding="UTF-8"?>
<!-- Generated by org.testng.reporters.JUnitReportReporter -->
<testsuite hostname="Realme_SlimBook" failures="0" tests="1" name="excelReading.ExcelReader" time="0.960" errors="0" timestamp="2024-05-18T22:02:35 IST" skipped="0">
  <testcase classname="excelReading.ExcelReader" name="readExelData" time="0.960"/>
  <system-out/>
</testsuite> <!-- excelReading.ExcelReader -->
