<?xml version="1.0" encoding="UTF-8"?>
<!-- Generated by org.testng.reporters.JUnitReportReporter -->
<testsuite hostname="Realme_SlimBook" failures="0" tests="1" name="excelReading.ExcelReadingMultiple" time="0.810" errors="0" timestamp="2024-05-18T22:12:21 IST" skipped="0">
  <testcase classname="excelReading.ExcelReadingMultiple" name="ExcelReading" time="0.810"/>
  <system-out/>
</testsuite> <!-- excelReading.ExcelReadingMultiple -->
